<?xml version="1.0" encoding="UTF-8"?>
<!-- Generated by org.testng.reporters.JUnitReportReporter -->
<testsuite skipped="0" hostname="Techpro" name="test.InvocationCountTest" tests="10" failures="0" timestamp="26 Jul 2018 10:37:26 GMT" time="0.019" errors="0">
  <testcase name="sum" time="0.007" classname="test.InvocationCountTest"/>
  <testcase name="sum" time="0.001" classname="test.InvocationCountTest"/>
  <testcase name="sum" time="0.001" classname="test.InvocationCountTest"/>
  <testcase name="sum" time="0.002" classname="test.InvocationCountTest"/>
  <testcase name="sum" time="0.001" classname="test.InvocationCountTest"/>
  <testcase name="sum" time="0.002" classname="test.InvocationCountTest"/>
  <testcase name="sum" time="0.001" classname="test.InvocationCountTest"/>
  <testcase name="sum" time="0.001" classname="test.InvocationCountTest"/>
  <testcase name="sum" time="0.002" classname="test.InvocationCountTest"/>
  <testcase name="sum" time="0.001" classname="test.InvocationCountTest"/>
</testsuite> <!-- test.InvocationCountTest -->
