<?xml version="1.0" encoding="UTF-8"?>
<!-- Generated by org.testng.reporters.JUnitReportReporter -->
<testsuite skipped="0" hostname="Techpro" name="test.TestNgBasics" tests="3" failures="0" timestamp="26 Jul 2018 10:53:55 GMT" time="0.010" errors="0">
  <testcase name="googleLogoTest" time="0.006" classname="test.TestNgBasics"/>
  <testcase name="searchTest" time="0.003" classname="test.TestNgBasics"/>
  <testcase name="googleTitleTest" time="0.001" classname="test.TestNgBasics"/>
</testsuite> <!-- test.TestNgBasics -->
