<?xml version="1.0" encoding="UTF-8"?>
<!-- Generated by org.testng.reporters.JUnitReportReporter -->
<testsuite skipped="0" hostname="Techpro" name="test.ExceptionTimeOutTest" tests="1" failures="0" timestamp="26 Jul 2018 08:45:56 GMT" time="0.006" errors="0">
  <testcase name="test1" time="0.006" classname="test.ExceptionTimeOutTest"/>
</testsuite> <!-- test.ExceptionTimeOutTest -->
