<?xml version="1.0" encoding="UTF-8"?>
<!-- Generated by org.testng.reporters.JUnitReportReporter -->
<testsuite skipped="0" hostname="Techpro" name="test.GoogleTitleTest" tests="11" failures="0" timestamp="26 Jul 2018 10:39:52 GMT" time="57.344" errors="0">
  <testcase name="googleTitleTest" time="5.433" classname="test.GoogleTitleTest"/>
  <testcase name="googleTitleTest" time="5.020" classname="test.GoogleTitleTest"/>
  <testcase name="googleTitleTest" time="5.332" classname="test.GoogleTitleTest"/>
  <testcase name="googleTitleTest" time="5.104" classname="test.GoogleTitleTest"/>
  <testcase name="googleTitleTest" time="5.148" classname="test.GoogleTitleTest"/>
  <testcase name="googleTitleTest" time="4.906" classname="test.GoogleTitleTest"/>
  <testcase name="googleTitleTest" time="5.931" classname="test.GoogleTitleTest"/>
  <testcase name="googleLogoTest" time="5.199" classname="test.GoogleTitleTest"/>
  <testcase name="googleTitleTest" time="5.045" classname="test.GoogleTitleTest"/>
  <testcase name="googleTitleTest" time="5.026" classname="test.GoogleTitleTest"/>
  <testcase name="googleTitleTest" time="5.200" classname="test.GoogleTitleTest"/>
</testsuite> <!-- test.GoogleTitleTest -->
